This is e-upTeX, Version 3.141592653-p3.9.0-u1.27-210218-2.6 (utf8.uptex) (TeX Live 2021) (preloaded format=uplatex 2022.3.23)  5 JUN 2022 06:22
entering extended mode
 restricted \write18 enabled.
 %&-line parsing enabled.
**absangle2main.tex
(./absangle2main.tex
pLaTeX2e <2021-11-15u04> (based on LaTeX2e <2021-11-15> patch level 1)
L3 programming layer <2022-02-24>
(/Applications/KeTTeX.app/texlive/texmf-dist/tex/uplatex/base/ujarticle.cls
Document Class: ujarticle 2020/09/30 v1.8f-u00 Standard upLaTeX class
\c@@paper=\count184
(/Applications/KeTTeX.app/texlive/texmf-dist/tex/uplatex/base/ujsize10.clo
File: ujsize10.clo 2020/09/30 v1.8f-u00 Standard upLaTeX file (size option)
LaTeX Font Info:    Font shape `JT2/mc/m/n' will be
(Font)              scaled to size 9.6222pt on input line 28.
LaTeX Font Info:    Font shape `JY2/mc/m/n' will be
(Font)              scaled to size 9.6222pt on input line 28.
)
\c@part=\count185
\c@section=\count186
\c@subsection=\count187
\c@subsubsection=\count188
\c@paragraph=\count189
\c@subparagraph=\count190
\c@figure=\count191
\c@table=\count192
\abovecaptionskip=\skip47
\belowcaptionskip=\skip48
\symmincho=\mathgroup4
LaTeX Font Info:    Overwriting symbol font `mincho' in version `bold'
(Font)                  JY2/mc/m/n --> JY2/gt/m/n on input line 616.
\toclineskip=\dimen154
\@lnumwidth=\dimen155
\bibindent=\dimen156
\heisei=\count193
)
(/Applications/KeTTeX.app/texlive/texmf-dist/tex/latex/pict2e/pict2e.sty
Package: pict2e 2020/09/30 v0.4b Improved picture commands (HjG,RN,JT)

(/Applications/KeTTeX.app/texlive/texmf-dist/tex/latex/pict2e/pict2e.cfg
File: pict2e.cfg 2016/02/05 v0.1u pict2e configuration for teTeX/TeXLive
)
Package pict2e Info: Driver file: dvipdfmx.def on input line 112.

(/Applications/KeTTeX.app/texlive/texmf-dist/tex/latex/graphics-def/dvipdfmx.de
f
File: dvipdfmx.def 2021/03/18 v5.0j Graphics/color driver for dvipdfmx
)
Package pict2e Info: Driver file for pict2e: p2e-dvipdfmx.def on input line 114
.

(/Applications/KeTTeX.app/texlive/texmf-dist/tex/latex/pict2e/p2e-dvipdfmx.def
File: p2e-dvipdfmx.def 2016/02/05 v0.1u Driver-dependant file (RN,HjG,JT)
) (/Applications/KeTTeX.app/texlive/texmf-dist/tex/latex/graphics/trig.sty
Package: trig 2021/08/11 v1.11 sin cos tan (DPC)
)
\pIIe@GRAPH=\toks17
\@arclen=\dimen157
\@arcrad=\dimen158
\pIIe@tempdima=\dimen159
\pIIe@tempdimb=\dimen160
\pIIe@tempdimc=\dimen161
\pIIe@tempdimd=\dimen162
\pIIe@tempdime=\dimen163
\pIIe@tempdimf=\dimen164
)
(/Applications/KeTTeX.app/texlive/texmf-dist/tex/latex/ketcindy/ketpic2e.sty
\c@ketpicctra=\count194
\c@ketpicctrb=\count195
\c@ketpicctrc=\count196
\c@ketpicctrd=\count197
\c@ketpicctre=\count198
\c@ketpicctrf=\count199
\c@ketpicctrg=\count266
\c@ketpicctrh=\count267
\c@ketpicctri=\count268
\c@ketpicctrj=\count269
\Width=\skip49
\Height=\skip50
\Depth=\skip51
)
(/Applications/KeTTeX.app/texlive/texmf-dist/tex/latex/ketcindy/ketlayer2e.sty
\layercurrentunit=\skip52
)
(/Applications/KeTTeX.app/texlive/texmf-dist/tex/latex/ketcindy/ketlayermorewit
h2e.sty)
(/Applications/KeTTeX.app/texlive/texmf-dist/tex/latex/amsmath/amsmath.sty
Package: amsmath 2021/10/15 v2.17l AMS math features
\@mathmargin=\skip53

For additional information on amsmath, use the `?' option.
(/Applications/KeTTeX.app/texlive/texmf-dist/tex/latex/amsmath/amstext.sty
Package: amstext 2021/08/26 v2.01 AMS text

(/Applications/KeTTeX.app/texlive/texmf-dist/tex/latex/amsmath/amsgen.sty
File: amsgen.sty 1999/11/30 v2.0 generic functions
\@emptytoks=\toks18
\ex@=\dimen165
))
(/Applications/KeTTeX.app/texlive/texmf-dist/tex/latex/amsmath/amsbsy.sty
Package: amsbsy 1999/11/29 v1.2d Bold Symbols
\pmbraise@=\dimen166
)
(/Applications/KeTTeX.app/texlive/texmf-dist/tex/latex/amsmath/amsopn.sty
Package: amsopn 2021/08/26 v2.02 operator names
)
\inf@bad=\count270
LaTeX Info: Redefining \frac on input line 234.
\uproot@=\count271
\leftroot@=\count272
LaTeX Info: Redefining \overline on input line 399.
\classnum@=\count273
\DOTSCASE@=\count274
LaTeX Info: Redefining \ldots on input line 496.
LaTeX Info: Redefining \dots on input line 499.
LaTeX Info: Redefining \cdots on input line 620.
\Mathstrutbox@=\box67
\strutbox@=\box68
\big@size=\dimen167
LaTeX Font Info:    Redeclaring font encoding OML on input line 743.
LaTeX Font Info:    Redeclaring font encoding OMS on input line 744.
\macc@depth=\count275
\c@MaxMatrixCols=\count276
\dotsspace@=\muskip16
\c@parentequation=\count277
\dspbrk@lvl=\count278
\tag@help=\toks19
\row@=\count279
\column@=\count280
\maxfields@=\count281
\andhelp@=\toks20
\eqnshift@=\dimen168
\alignsep@=\dimen169
\tagshift@=\dimen170
\tagwidth@=\dimen171
\totwidth@=\dimen172
\lineht@=\dimen173
\@envbody=\toks21
\multlinegap=\skip54
\multlinetaggap=\skip55
\mathdisplay@stack=\toks22
LaTeX Info: Redefining \[ on input line 2938.
LaTeX Info: Redefining \] on input line 2939.
)
(/Applications/KeTTeX.app/texlive/texmf-dist/tex/latex/amsfonts/amssymb.sty
Package: amssymb 2013/01/14 v3.01 AMS font symbols

(/Applications/KeTTeX.app/texlive/texmf-dist/tex/latex/amsfonts/amsfonts.sty
Package: amsfonts 2013/01/14 v3.01 Basic AMSFonts support
\symAMSa=\mathgroup5
\symAMSb=\mathgroup6
LaTeX Font Info:    Redeclaring math symbol \hbar on input line 98.
LaTeX Font Info:    Overwriting math alphabet `\mathfrak' in version `bold'
(Font)                  U/euf/m/n --> U/euf/b/n on input line 106.
))
(/Applications/KeTTeX.app/texlive/texmf-dist/tex/latex/graphics/graphicx.sty
Package: graphicx 2021/09/16 v1.2d Enhanced LaTeX Graphics (DPC,SPQR)

(/Applications/KeTTeX.app/texlive/texmf-dist/tex/latex/graphics/keyval.sty
Package: keyval 2014/10/28 v1.15 key=value parser (DPC)
\KV@toks@=\toks23
)
(/Applications/KeTTeX.app/texlive/texmf-dist/tex/latex/graphics/graphics.sty
Package: graphics 2021/03/04 v1.4d Standard LaTeX Graphics (DPC,SPQR)

(/Applications/KeTTeX.app/texlive/texmf-dist/tex/latex/graphics-cfg/graphics.cf
g
File: graphics.cfg 2016/06/04 v1.11 sample graphics configuration
)
Package graphics Info: Driver file: dvips.def on input line 107.

(/Applications/KeTTeX.app/texlive/texmf-dist/tex/latex/graphics-def/dvips.def
File: dvips.def 2017/06/20 v3.1d Graphics/color driver for dvips
))
\Gin@req@height=\dimen174
\Gin@req@width=\dimen175
) (/Applications/KeTTeX.app/texlive/texmf-dist/tex/latex/graphics/color.sty
Package: color 2021/12/07 v1.3c Standard LaTeX Color (DPC)

(/Applications/KeTTeX.app/texlive/texmf-dist/tex/latex/graphics-cfg/color.cfg
File: color.cfg 2016/01/02 v1.6 sample color configuration
)
Package color Info: Driver file: dvips.def on input line 149.

(/Applications/KeTTeX.app/texlive/texmf-dist/tex/latex/graphics/dvipsnam.def
File: dvipsnam.def 2016/06/17 v3.0m Driver-dependent file (DPC,SPQR)
))
(/Applications/KeTTeX.app/texlive/texmf-local/tex/platex/emath/emath.sty
Package: emath 2005/10/31 v1.54p 初等数学マクロパッケージ

(/Applications/KeTTeX.app/texlive/texmf-local/tex/platex/emath/emath2e.sty
(/Applications/KeTTeX.app/texlive/texmf-local/tex/platex/emath/emathE.sty
Package: emathE 2005/09/05 v0.79 拡張enumerate

(/Applications/KeTTeX.app/texlive/texmf-dist/tex/latex/tools/enumerate.sty
Package: enumerate 2015/07/23 v3.00 enumerate extensions (DPC)
\@enLab=\toks24
)
(/Applications/KeTTeX.app/texlive/texmf-local/tex/platex/emath/emathEc.sty
Package: emathEc 2005/09/05 v0.00

(/Applications/KeTTeX.app/texlive/texmf-local/tex/platex/emath/emathC.sty
Package: emathC 2005/09/03 v0.25

(/Applications/KeTTeX.app/texlive/texmf-dist/tex/latex/tools/calc.sty
Package: calc 2017/05/25 v4.3 Infix arithmetic (KKT,FJ)
\calc@Acount=\count282
\calc@Bcount=\count283
\calc@Adimen=\dimen176
\calc@Bdimen=\dimen177
\calc@Askip=\skip56
\calc@Bskip=\skip57
LaTeX Info: Redefining \setlength on input line 80.
LaTeX Info: Redefining \addtolength on input line 81.
\calc@Ccount=\count284
\calc@Cskip=\skip58
)
(/Applications/KeTTeX.app/texlive/texmf-dist/tex/latex/base/ifthen.sty
Package: ifthen 2020/11/24 v1.1c Standard LaTeX ifthen package (DPC)
)
\c@tempcnta=\count285
\templa=\dimen178
\emath@toks@=\toks25
\Sett@width=\dimen179
\EMcalc@A=\dimen180
))
(/Applications/KeTTeX.app/texlive/texmf-local/tex/platex/emath/jquote.sty
Package: jquote 2005/10/31 v0.01
)
(/Applications/KeTTeX.app/texlive/texmf-local/tex/platex/emath/emathK.sty)
\kizami@ti=\count286
\syoki@ti=\count287
\c@Enumi=\count288
\c@Enumii=\count289
\c@Enumiii=\count290
\c@Enumiv=\count291
\emtokena=\toks26
))
\templb=\dimen181
\templc=\dimen182
\tempboxa=\box69
\tempboxb=\box70
\EMc@hizyosuu=\count292
\EMc@syou=\count293
\EMc@zyo@amari=\count294
\GCM=\count295
\zyo@@c=\count296
\hizyo@@c=\count297
\wari@@cnt=\count298
\wari@@cmax=\count299
\gyou@@c=\count300
\hidari@@p=\count301
\migi@@p=\count302
\renritu@hidariyohaku=\dimen183
\@ltxlinelen=\dimen184
\fileophndl=\read2
)
(/Applications/KeTTeX.app/texlive/texmf-dist/tex/latex/l3backend/l3backend-dvip
s.def
File: l3backend-dvips.def 2022-02-07 L3 backend support: dvips
\l__pdf_internal_box=\box71
\g__pdf_backend_object_int=\count303
\l__pdf_backend_content_box=\box72
\l__pdf_backend_model_box=\box73
\g__pdf_backend_annotation_int=\count304
\g__pdf_backend_link_int=\count305
\g__pdf_backend_link_sf_int=\count306
) (./absangle2main.aux)
\openout1 = `absangle2main.aux'.

LaTeX Font Info:    Checking defaults for OML/cmm/m/it on input line 13.
LaTeX Font Info:    ... okay on input line 13.
LaTeX Font Info:    Checking defaults for OMS/cmsy/m/n on input line 13.
LaTeX Font Info:    ... okay on input line 13.
LaTeX Font Info:    Checking defaults for OT1/cmr/m/n on input line 13.
LaTeX Font Info:    ... okay on input line 13.
LaTeX Font Info:    Checking defaults for T1/cmr/m/n on input line 13.
LaTeX Font Info:    ... okay on input line 13.
LaTeX Font Info:    Checking defaults for TS1/cmr/m/n on input line 13.
LaTeX Font Info:    ... okay on input line 13.
LaTeX Font Info:    Checking defaults for OMX/cmex/m/n on input line 13.
LaTeX Font Info:    ... okay on input line 13.
LaTeX Font Info:    Checking defaults for U/cmr/m/n on input line 13.
LaTeX Font Info:    ... okay on input line 13.
LaTeX Font Info:    Checking defaults for JY2/mc/m/n on input line 13.
LaTeX Font Info:    ... okay on input line 13.
LaTeX Font Info:    Checking defaults for JT2/mc/m/n on input line 13.
LaTeX Font Info:    ... okay on input line 13.
 (./absangle2.tex
LaTeX Font Info:    Font shape `JY2/mc/m/n' will be
(Font)              scaled to size 6.73553pt on input line 29.
LaTeX Font Info:    Font shape `JY2/mc/m/n' will be
(Font)              scaled to size 4.8111pt on input line 29.
LaTeX Font Info:    Trying to load font information for U+msa on input line 29.


(/Applications/KeTTeX.app/texlive/texmf-dist/tex/latex/amsfonts/umsa.fd
File: umsa.fd 2013/01/14 v3.01 AMS symbols A
)
LaTeX Font Info:    Trying to load font information for U+msb on input line 29.


(/Applications/KeTTeX.app/texlive/texmf-dist/tex/latex/amsfonts/umsb.fd
File: umsb.fd 2013/01/14 v3.01 AMS symbols B
))
[1

] (./absangle2main.aux) ) 
Here is how much of TeX's memory you used:
 4268 strings out of 480222
 59116 string characters out of 5892594
 436335 words of memory out of 5000000
 22535 multiletter control sequences out of 15000+600000
 473767 words of font info for 55 fonts, out of 8000000 for 9000
 14 hyphenation exceptions out of 8191
 91i,6n,93p,315b,177s stack positions out of 5000i,500n,10000p,200000b,80000s

Output written on absangle2main.dvi (1 page, 6168 bytes).
