This is e-pTeX, Version 3.14159265-p3.7-160201-2.6 (utf8.euc) (TeX Live 2016) (preloaded format=platex 2017.10.25)  27 SEP 2019 10:16
entering extended mode
 restricted \write18 enabled.
 %&-line parsing enabled.
**loggraph.tex
(./loggraph.tex
pLaTeX2e <2016/11/29> (based on LaTeX2e <2017/01/01> patch level 3)
Babel <3.9r> and hyphenation patterns for 3 language(s) loaded.
(./b5-kaku.cls
Document Class: b5-kaku 2007/10/24 okumura
LaTeX Info: Redefining \rmfamily on input line 133.
LaTeX Info: Redefining \sffamily on input line 136.
LaTeX Info: Redefining \ttfamily on input line 139.
\symmincho=\mathgroup4
LaTeX Font Info:    Overwriting symbol font `mincho' in version `bold'
(Font)                  JY1/mc/m/n --> JY1/gt/m/n on input line 149.
\fullwidth=\dimen118
\lrmargin=\dimen119
\c@part=\count82
\c@chapter=\count83
\c@section=\count84
\c@subsection=\count85
\c@subsubsection=\count86
\c@paragraph=\count87
\c@subparagraph=\count88
\c@figure=\count89
\c@table=\count90
\abovecaptionskip=\skip41
\belowcaptionskip=\skip42
\@lnumwidth=\dimen120
\bibindent=\dimen121
\heisei=\count91
) (/Applications/kettex/texlive/texmf-dist/tex/latex/amsmath/amsmath.sty
Package: amsmath 2016/11/05 v2.16a AMS math features
\@mathmargin=\skip43

For additional information on amsmath, use the `?' option.
(/Applications/kettex/texlive/texmf-dist/tex/latex/amsmath/amstext.sty
Package: amstext 2000/06/29 v2.01 AMS text

(/Applications/kettex/texlive/texmf-dist/tex/latex/amsmath/amsgen.sty
File: amsgen.sty 1999/11/30 v2.0 generic functions
\@emptytoks=\toks15
\ex@=\dimen122
))
(/Applications/kettex/texlive/texmf-dist/tex/latex/amsmath/amsbsy.sty
Package: amsbsy 1999/11/29 v1.2d Bold Symbols
\pmbraise@=\dimen123
)
(/Applications/kettex/texlive/texmf-dist/tex/latex/amsmath/amsopn.sty
Package: amsopn 2016/03/08 v2.02 operator names
)
\inf@bad=\count92
LaTeX Info: Redefining \frac on input line 213.
\uproot@=\count93
\leftroot@=\count94
LaTeX Info: Redefining \overline on input line 375.
\classnum@=\count95
\DOTSCASE@=\count96
LaTeX Info: Redefining \ldots on input line 472.
LaTeX Info: Redefining \dots on input line 475.
LaTeX Info: Redefining \cdots on input line 596.
\Mathstrutbox@=\box41
\strutbox@=\box42
\big@size=\dimen124
LaTeX Font Info:    Redeclaring font encoding OML on input line 712.
LaTeX Font Info:    Redeclaring font encoding OMS on input line 713.
\macc@depth=\count97
\c@MaxMatrixCols=\count98
\dotsspace@=\muskip10
\c@parentequation=\count99
\dspbrk@lvl=\count100
\tag@help=\toks16
\row@=\count101
\column@=\count102
\maxfields@=\count103
\andhelp@=\toks17
\eqnshift@=\dimen125
\alignsep@=\dimen126
\tagshift@=\dimen127
\tagwidth@=\dimen128
\totwidth@=\dimen129
\lineht@=\dimen130
\@envbody=\toks18
\multlinegap=\skip44
\multlinetaggap=\skip45
\mathdisplay@stack=\toks19
LaTeX Info: Redefining \[ on input line 2817.
LaTeX Info: Redefining \] on input line 2818.
)
(/Applications/kettex/texlive/texmf-dist/tex/latex/amsfonts/amssymb.sty
Package: amssymb 2013/01/14 v3.01 AMS font symbols

(/Applications/kettex/texlive/texmf-dist/tex/latex/amsfonts/amsfonts.sty
Package: amsfonts 2013/01/14 v3.01 Basic AMSFonts support
\symAMSa=\mathgroup5
\symAMSb=\mathgroup6
LaTeX Font Info:    Overwriting math alphabet `\mathfrak' in version `bold'
(Font)                  U/euf/m/n --> U/euf/b/n on input line 106.
))
(/Applications/kettex/texlive/texmf-dist/tex/latex/float/float.sty
Package: float 2001/11/08 v1.3d Float enhancements (AL)
\c@float@type=\count104
\float@exts=\toks20
\float@box=\box43
\@float@everytoks=\toks21
\@floatcapt=\box44
)
(/Applications/kettex/texlive/texmf-dist/tex/latex/tools/multicol.sty
Package: multicol 2016/04/07 v1.8p multicolumn formatting (FMi)
\c@tracingmulticols=\count105
\mult@box=\box45
\multicol@leftmargin=\dimen131
\c@unbalance=\count106
\c@collectmore=\count107
\doublecol@number=\count108
\multicoltolerance=\count109
\multicolpretolerance=\count110
\full@width=\dimen132
\page@free=\dimen133
\premulticols=\dimen134
\postmulticols=\dimen135
\multicolsep=\skip46
\multicolbaselineskip=\skip47
\partial@page=\box46
\last@line=\box47
\maxbalancingoverflow=\dimen136
\mult@rightbox=\box48
\mult@grightbox=\box49
\mult@gfirstbox=\box50
\mult@firstbox=\box51
\@tempa=\box52
\@tempa=\box53
\@tempa=\box54
\@tempa=\box55
\@tempa=\box56
\@tempa=\box57
\@tempa=\box58
\@tempa=\box59
\@tempa=\box60
\@tempa=\box61
\@tempa=\box62
\@tempa=\box63
\@tempa=\box64
\@tempa=\box65
\@tempa=\box66
\@tempa=\box67
\@tempa=\box68
\c@columnbadness=\count111
\c@finalcolumnbadness=\count112
\last@try=\dimen137
\multicolovershoot=\dimen138
\multicolundershoot=\dimen139
\mult@nat@firstbox=\box69
\colbreak@box=\box70
\mc@col@check@num=\count113
)
(/Applications/kettex/texlive/texmf-local/tex/latex/emathselected/eclbkbox.sty
\bk@bxb=\box71
\bk@bxa=\box72
\bk@lcnt=\count114
) (/Applications/kettex/texlive/texmf-local/tex/latex/emathselected/emath.sty
Package: emath 2005/10/31 v1.54p 初等数学マクロパッケージ

(/Applications/kettex/texlive/texmf-local/tex/latex/emathselected/emath2e.sty
(/Applications/kettex/texlive/texmf-local/tex/latex/emathselected/emathE.sty
Package: emathE 2005/09/05 v0.79 拡張enumerate

(/Applications/kettex/texlive/texmf-dist/tex/latex/tools/enumerate.sty
Package: enumerate 2015/07/23 v3.00 enumerate extensions (DPC)
\@enLab=\toks22
)
(/Applications/kettex/texlive/texmf-local/tex/latex/emathselected/emathEc.sty
Package: emathEc 2005/09/05 v0.00

(/Applications/kettex/texlive/texmf-local/tex/latex/emathselected/emathC.sty
Package: emathC 2005/09/03 v0.25

(/Applications/kettex/texlive/texmf-dist/tex/latex/tools/calc.sty
Package: calc 2014/10/28 v4.3 Infix arithmetic (KKT,FJ)
\calc@Acount=\count115
\calc@Bcount=\count116
\calc@Adimen=\dimen140
\calc@Bdimen=\dimen141
\calc@Askip=\skip48
\calc@Bskip=\skip49
LaTeX Info: Redefining \setlength on input line 80.
LaTeX Info: Redefining \addtolength on input line 81.
\calc@Ccount=\count117
\calc@Cskip=\skip50
)
(/Applications/kettex/texlive/texmf-dist/tex/latex/base/ifthen.sty
Package: ifthen 2014/09/29 v1.1c Standard LaTeX ifthen package (DPC)
)
\c@tempcnta=\count118
\templa=\dimen142
\emath@toks@=\toks23
\Sett@width=\dimen143
\EMcalc@A=\dimen144
)
(/Applications/kettex/texlive/texmf-dist/tex/latex/graphics/keyval.sty
Package: keyval 2014/10/28 v1.15 key=value parser (DPC)
\KV@toks@=\toks24
))
(/Applications/kettex/texlive/texmf-local/tex/latex/emathselected/jquote.sty
Package: jquote 2005/10/31 v0.01
)
(/Applications/kettex/texlive/texmf-local/tex/latex/emathselected/emathK.sty)
\kizami@ti=\count119
\syoki@ti=\count120
\c@Enumi=\count121
\c@Enumii=\count122
\c@Enumiii=\count123
\c@Enumiv=\count124
\emtokena=\toks25
))
\templb=\dimen145
\templc=\dimen146
\tempboxa=\box73
\tempboxb=\box74
\EMc@hizyosuu=\count125
\EMc@syou=\count126
\EMc@zyo@amari=\count127
\GCM=\count128
\zyo@@c=\count129
\hizyo@@c=\count130
\wari@@cnt=\count131
\wari@@cmax=\count132
\gyou@@c=\count133
\hidari@@p=\count134
\migi@@p=\count135
\renritu@hidariyohaku=\dimen147
\@ltxlinelen=\dimen148
\fileophndl=\read1
) (/Applications/kettex/texlive/texmf-local/tex/latex/emathselected/emathMw.sty
Package: emathMw 2005/09/03 v0.13 回り込み
\@mawarikomisep=\skip51
\mawarikomisep=\skip52
\mawarikomikankaku=\skip53
\EMWR@boxi=\box75
\EMWR@boxii=\box76
\eitemindent=\skip54
\zu@width=\skip55
\zuitemwidth=\skip56
) (/Applications/kettex/texlive/texmf-local/tex/latex/emathselected/emathEy.sty
Package: emathEy 2005/09/05 v0.01 横並び enumerate
\eda@box=\box77
\ed@beta@box=\box78
\c@edamon@suu=\count136
\edaenum@wdth=\dimen149
\edaenum@wdth@=\dimen150
\leftmargin@org@s=\dimen151
\edaitemindent=\dimen152
\betaitemindent=\dimen153
\beta@linewidth=\dimen154
\eda@linewidth=\dimen155
\pre@edasep=\dimen156
\post@edasep=\dimen157
\preedaenumskip=\dimen158
\postedaenumskip=\dimen159
\yokoenum@wd=\dimen160
) (/Applications/kettex/texlive/texmf-dist/tex/latex/eqlist/eqlist.sty
eqlist.sty by M. Vaeth: Revision 2.1
Package: eqlist 2002/08/15 v2.1
(/Applications/kettex/texlive/texmf-dist/tex/latex/eqparbox/eqparbox.sty
Package: eqparbox 2013/03/15 v4.0 Create equal-widthed boxes
\eqp@tempdima=\skip57
\eqp@tempdimb=\skip58

(/Applications/kettex/texlive/texmf-dist/tex/latex/tools/array.sty
Package: array 2016/10/06 v2.4d Tabular extension package (FMi)
\col@sep=\dimen161
\extrarowheight=\dimen162
\NC@list=\toks26
\extratabsurround=\skip59
\backup@length=\skip60
)
\eqp@tabular@box=\box79
\eqp@list@box=\box80
\eqp@list@indent=\skip61

(/Applications/kettex/texlive/texmf-dist/tex/latex/environ/environ.sty
Package: environ 2014/05/04 v0.3 A new way to define environments

(/Applications/kettex/texlive/texmf-dist/tex/latex/trimspaces/trimspaces.sty
Package: trimspaces 2009/09/17 v1.1 Trim spaces around a token list
)))
\eql@cnt=\count137
) (/Applications/kettex/texlive/texmf-dist/tex/latex/caption/caption.sty
Package: caption 2016/02/21 v3.3-144 Customizing captions (AR)

(/Applications/kettex/texlive/texmf-dist/tex/latex/caption/caption3.sty
Package: caption3 2016/05/22 v1.7-166 caption3 kernel (AR)
Package caption3 Info: TeX engine: e-TeX on input line 67.
\captionmargin=\dimen163
\captionmargin@=\dimen164
\captionwidth=\dimen165
\caption@tempdima=\dimen166
\caption@indent=\dimen167
\caption@parindent=\dimen168
\caption@hangindent=\dimen169
Package caption Info: Unknown document class (or package),
(caption)             standard defaults will be used.
)

Package caption Warning: Unsupported document class (or package) detected,
(caption)                usage of the caption package is not recommended.
See the caption package documentation for explanation.

Package caption Info: \@makecaption = \long macro:#1#2->{\small \advance \lefts
kip .0628\linewidth \advance \rightskip .0628\linewidth \vskip \abovecaptionski
p \sbox \@tempboxa {#1\hskip 1zw\relax #2}\ifdim \wd \@tempboxa <\hsize \center
ing \fi #1\hskip 1zw\relax #2\par \vskip \belowcaptionskip }.
\c@ContinuedFloat=\count138
Package caption Info: float package is loaded.
) (/Applications/kettex/texlive/texmf-dist/tex/latex/graphics/graphicx.sty
Package: graphicx 2014/10/28 v1.0g Enhanced LaTeX Graphics (DPC,SPQR)

(/Applications/kettex/texlive/texmf-dist/tex/latex/graphics/graphics.sty
Package: graphics 2016/10/09 v1.0u Standard LaTeX Graphics (DPC,SPQR)

(/Applications/kettex/texlive/texmf-dist/tex/latex/graphics/trig.sty
Package: trig 2016/01/03 v1.10 sin cos tan (DPC)
)
(/Applications/kettex/texlive/texmf-dist/tex/latex/graphics-cfg/graphics.cfg
File: graphics.cfg 2016/06/04 v1.11 sample graphics configuration
)
Package graphics Info: Driver file: dvips.def on input line 99.

(/Applications/kettex/texlive/texmf-dist/tex/latex/graphics-def/dvips.def
File: dvips.def 2016/07/10 v3.1a Driver-dependent file (DPC,SPQR)
))
\Gin@req@height=\dimen170
\Gin@req@width=\dimen171
)
(/Applications/kettex/texlive/texmf-dist/tex/latex/graphics/color.sty
Package: color 2016/07/10 v1.1e Standard LaTeX Color (DPC)

(/Applications/kettex/texlive/texmf-dist/tex/latex/graphics-cfg/color.cfg
File: color.cfg 2016/01/02 v1.6 sample color configuration
)
Package color Info: Driver file: dvips.def on input line 147.

(/Applications/kettex/texlive/texmf-dist/tex/latex/graphics/dvipsnam.def
File: dvipsnam.def 2016/06/17 v3.0m Driver-dependent file (DPC,SPQR)
))
(/Applications/kettex/texlive/texmf-dist/tex/latex/ketcindy/ketpic.sty
\c@ketpicctra=\count139
\c@ketpicctrb=\count140
\c@ketpicctrc=\count141
\c@ketpicctrd=\count142
\c@ketpicctre=\count143
\c@ketpicctrf=\count144
\c@ketpicctrg=\count145
\c@ketpicctrh=\count146
\c@ketpicctri=\count147
\c@ketpicctrj=\count148
\Width=\skip62
\Height=\skip63
\Depth=\skip64
)
(/Applications/kettex/texlive/texmf-dist/tex/latex/ketcindy/ketlayer.sty
\layercurrentunit=\skip65
)
(./mymacros.sty
\c@exer=\count149
\c@ques=\count150
\c@exam=\count151
\c@form=\count152
\c@thm=\count153
\ftwidth=\dimen172
) (./loggraph.aux)
\openout1 = `loggraph.aux'.

LaTeX Font Info:    Checking defaults for OML/cmm/m/it on input line 24.
LaTeX Font Info:    ... okay on input line 24.
LaTeX Font Info:    Checking defaults for T1/cmr/m/n on input line 24.
LaTeX Font Info:    ... okay on input line 24.
LaTeX Font Info:    Checking defaults for OT1/cmr/m/n on input line 24.
LaTeX Font Info:    ... okay on input line 24.
LaTeX Font Info:    Checking defaults for OMS/cmsy/m/n on input line 24.
LaTeX Font Info:    ... okay on input line 24.
LaTeX Font Info:    Checking defaults for OMX/cmex/m/n on input line 24.
LaTeX Font Info:    ... okay on input line 24.
LaTeX Font Info:    Checking defaults for U/cmr/m/n on input line 24.
LaTeX Font Info:    ... okay on input line 24.
LaTeX Font Info:    Checking defaults for JY1/mc/m/n on input line 24.
LaTeX Font Info:    ... okay on input line 24.
LaTeX Font Info:    Checking defaults for JT1/mc/m/n on input line 24.
LaTeX Font Info:    ... okay on input line 24.
Package caption Info: Begin \AtBeginDocument code.
Package caption Info: End \AtBeginDocument code.
LaTeX Font Info:    Try loading font information for U+msa on input line 30.

(/Applications/kettex/texlive/texmf-dist/tex/latex/amsfonts/umsa.fd
File: umsa.fd 2013/01/14 v3.01 AMS symbols A
)
LaTeX Font Info:    Try loading font information for U+msb on input line 30.

(/Applications/kettex/texlive/texmf-dist/tex/latex/amsfonts/umsb.fd
File: umsb.fd 2013/01/14 v3.01 AMS symbols B
)
LaTeX Font Info:    Font shape `JT1/mc/bx/n' in size <10> not available
(Font)              Font shape `JT1/gt/m/n' tried instead on input line 30.
LaTeX Font Info:    Font shape `JY1/mc/bx/n' in size <10> not available
(Font)              Font shape `JY1/gt/m/n' tried instead on input line 30.
LaTeX Font Info:    Font shape `JT1/mc/bx/n' in size <9> not available
(Font)              Font shape `JT1/gt/m/n' tried instead on input line 33.
LaTeX Font Info:    Font shape `JY1/mc/bx/n' in size <9> not available
(Font)              Font shape `JY1/gt/m/n' tried instead on input line 33.

(./fig/fig1_3_katataisu_1pr.tex) (./fig/fig1_3_katataisu_1pr.tex)
(./fig/fig1_3_katataisu_1pr.tex) (./fig/fig1_3_katataisu_1pr.tex)
(./fig/fig1_3_katataisu2_1pr.tex) (./fig/fig1_3_katataisu2_1pr.tex)
(./fig/fig1_3_katataisu2_1pr.tex) (./fig/fig1_3_katataisu2_1pr.tex)
Overfull \vbox (5.79999pt too high) has occurred while \output is active []


[1]
Overfull \vbox (5.79999pt too high) has occurred while \output is active []


[2]
LaTeX Font Info:    Font shape `JT1/mc/bx/n' in size <12> not available
(Font)              Font shape `JT1/gt/m/n' tried instead on input line 113.
LaTeX Font Info:    Font shape `JY1/mc/bx/n' in size <12> not available
(Font)              Font shape `JY1/gt/m/n' tried instead on input line 113.

Overfull \vbox (5.79999pt too high) has occurred while \output is active []


[3] (./loggraph.aux) ) 
Here is how much of TeX's memory you used:
 5133 strings out of 495149
 66865 string characters out of 6183715
 212922 words of memory out of 5000000
 8481 multiletter control sequences out of 15000+600000
 17026 words of font info for 69 fonts, out of 8000000 for 9000
 14 hyphenation exceptions out of 8191
 48i,9n,38p,366b,489s stack positions out of 5000i,500n,10000p,200000b,80000s

Output written on loggraph.dvi (3 pages, 10220 bytes).
