This is e-pTeX, Version 3.141592653-p3.9.0-210218-2.6 (utf8.euc) (TeX Live 2021) (preloaded format=platex 2022.3.23)  4 JUL 2022 13:26
entering extended mode
 restricted \write18 enabled.
 %&-line parsing enabled.
**presen22202.tex
(./presen22202.tex
pLaTeX2e <2021-11-15> (based on LaTeX2e <2021-11-15> patch level 1)
L3 programming layer <2022-02-24>
(/Applications/KeTTeX.app/texlive/texmf-dist/tex/platex/base/jarticle.cls
Document Class: jarticle 2020/09/30 v1.8f Standard pLaTeX class
\c@@paper=\count184
(/Applications/KeTTeX.app/texlive/texmf-dist/tex/platex/base/jsize10.clo
File: jsize10.clo 2020/09/30 v1.8f Standard pLaTeX file (size option)
)
\c@part=\count185
\c@section=\count186
\c@subsection=\count187
\c@subsubsection=\count188
\c@paragraph=\count189
\c@subparagraph=\count190
\c@figure=\count191
\c@table=\count192
\abovecaptionskip=\skip47
\belowcaptionskip=\skip48
\symmincho=\mathgroup4
LaTeX Font Info:    Overwriting symbol font `mincho' in version `bold'
(Font)                  JY1/mc/m/n --> JY1/gt/m/n on input line 615.
\toclineskip=\dimen154
\@lnumwidth=\dimen155
\bibindent=\dimen156
\heisei=\count193
)
(/Applications/KeTTeX.app/texlive/texmf-dist/tex/latex/ketcindy/ketpic.sty
\c@ketpicctra=\count194
\c@ketpicctrb=\count195
\c@ketpicctrc=\count196
\c@ketpicctrd=\count197
\c@ketpicctre=\count198
\c@ketpicctrf=\count199
\c@ketpicctrg=\count266
\c@ketpicctrh=\count267
\c@ketpicctri=\count268
\c@ketpicctrj=\count269
\Width=\skip49
\Height=\skip50
\Depth=\skip51
)
(/Applications/KeTTeX.app/texlive/texmf-dist/tex/latex/ketcindy/ketlayer.sty
\layercurrentunit=\skip52
)
(/Applications/KeTTeX.app/texlive/texmf-dist/tex/latex/ketcindy/ketslide.sty)
(/Applications/KeTTeX.app/texlive/texmf-dist/tex/latex/amsmath/amsmath.sty
Package: amsmath 2021/10/15 v2.17l AMS math features
\@mathmargin=\skip53

For additional information on amsmath, use the `?' option.
(/Applications/KeTTeX.app/texlive/texmf-dist/tex/latex/amsmath/amstext.sty
Package: amstext 2021/08/26 v2.01 AMS text

(/Applications/KeTTeX.app/texlive/texmf-dist/tex/latex/amsmath/amsgen.sty
File: amsgen.sty 1999/11/30 v2.0 generic functions
\@emptytoks=\toks17
\ex@=\dimen157
))
(/Applications/KeTTeX.app/texlive/texmf-dist/tex/latex/amsmath/amsbsy.sty
Package: amsbsy 1999/11/29 v1.2d Bold Symbols
\pmbraise@=\dimen158
)
(/Applications/KeTTeX.app/texlive/texmf-dist/tex/latex/amsmath/amsopn.sty
Package: amsopn 2021/08/26 v2.02 operator names
)
\inf@bad=\count270
LaTeX Info: Redefining \frac on input line 234.
\uproot@=\count271
\leftroot@=\count272
LaTeX Info: Redefining \overline on input line 399.
\classnum@=\count273
\DOTSCASE@=\count274
LaTeX Info: Redefining \ldots on input line 496.
LaTeX Info: Redefining \dots on input line 499.
LaTeX Info: Redefining \cdots on input line 620.
\Mathstrutbox@=\box67
\strutbox@=\box68
\big@size=\dimen159
LaTeX Font Info:    Redeclaring font encoding OML on input line 743.
LaTeX Font Info:    Redeclaring font encoding OMS on input line 744.
\macc@depth=\count275
\c@MaxMatrixCols=\count276
\dotsspace@=\muskip16
\c@parentequation=\count277
\dspbrk@lvl=\count278
\tag@help=\toks18
\row@=\count279
\column@=\count280
\maxfields@=\count281
\andhelp@=\toks19
\eqnshift@=\dimen160
\alignsep@=\dimen161
\tagshift@=\dimen162
\tagwidth@=\dimen163
\totwidth@=\dimen164
\lineht@=\dimen165
\@envbody=\toks20
\multlinegap=\skip54
\multlinetaggap=\skip55
\mathdisplay@stack=\toks21
LaTeX Info: Redefining \[ on input line 2938.
LaTeX Info: Redefining \] on input line 2939.
)
(/Applications/KeTTeX.app/texlive/texmf-dist/tex/latex/amsfonts/amssymb.sty
Package: amssymb 2013/01/14 v3.01 AMS font symbols

(/Applications/KeTTeX.app/texlive/texmf-dist/tex/latex/amsfonts/amsfonts.sty
Package: amsfonts 2013/01/14 v3.01 Basic AMSFonts support
\symAMSa=\mathgroup5
\symAMSb=\mathgroup6
LaTeX Font Info:    Redeclaring math symbol \hbar on input line 98.
LaTeX Font Info:    Overwriting math alphabet `\mathfrak' in version `bold'
(Font)                  U/euf/m/n --> U/euf/b/n on input line 106.
))
(/Applications/KeTTeX.app/texlive/texmf-dist/tex/latex/tools/bm.sty
Package: bm 2021/04/25 v1.2e Bold Symbol Support (DPC/FMi)
\symboldoperators=\mathgroup7
\symboldletters=\mathgroup8
\symboldsymbols=\mathgroup9
Package bm Info: No bold for \OMX/cmex/m/n, using \pmb.
\symboldmincho=\mathgroup10
Package bm Info: No bold for \U/msa/m/n, using \pmb.
Package bm Info: No bold for \U/msb/m/n, using \pmb.
LaTeX Font Info:    Redeclaring math alphabet \mathbf on input line 149.
)
(/Applications/KeTTeX.app/texlive/texmf-dist/tex/latex/tools/enumerate.sty
Package: enumerate 2015/07/23 v3.00 enumerate extensions (DPC)
\@enLab=\toks22
)
(/Applications/KeTTeX.app/texlive/texmf-dist/tex/latex/graphics/graphicx.sty
Package: graphicx 2021/09/16 v1.2d Enhanced LaTeX Graphics (DPC,SPQR)

(/Applications/KeTTeX.app/texlive/texmf-dist/tex/latex/graphics/keyval.sty
Package: keyval 2014/10/28 v1.15 key=value parser (DPC)
\KV@toks@=\toks23
)
(/Applications/KeTTeX.app/texlive/texmf-dist/tex/latex/graphics/graphics.sty
Package: graphics 2021/03/04 v1.4d Standard LaTeX Graphics (DPC,SPQR)

(/Applications/KeTTeX.app/texlive/texmf-dist/tex/latex/graphics/trig.sty
Package: trig 2021/08/11 v1.11 sin cos tan (DPC)
)
(/Applications/KeTTeX.app/texlive/texmf-dist/tex/latex/graphics-cfg/graphics.cf
g
File: graphics.cfg 2016/06/04 v1.11 sample graphics configuration
)
Package graphics Info: Driver file: dvipdfmx.def on input line 107.

(/Applications/KeTTeX.app/texlive/texmf-dist/tex/latex/graphics-def/dvipdfmx.de
f
File: dvipdfmx.def 2021/03/18 v5.0j Graphics/color driver for dvipdfmx
))
\Gin@req@height=\dimen166
\Gin@req@width=\dimen167
) (/Applications/KeTTeX.app/texlive/texmf-dist/tex/latex/graphics/color.sty
Package: color 2021/12/07 v1.3c Standard LaTeX Color (DPC)

(/Applications/KeTTeX.app/texlive/texmf-dist/tex/latex/graphics-cfg/color.cfg
File: color.cfg 2016/01/02 v1.6 sample color configuration
)
Package color Info: Driver file: dvips.def on input line 149.

(/Applications/KeTTeX.app/texlive/texmf-dist/tex/latex/graphics-def/dvips.def
File: dvips.def 2017/06/20 v3.1d Graphics/color driver for dvips
)
(/Applications/KeTTeX.app/texlive/texmf-dist/tex/latex/graphics/dvipsnam.def
File: dvipsnam.def 2016/06/17 v3.0m Driver-dependent file (DPC,SPQR)
))
(/Applications/KeTTeX.app/texlive/texmf-local/tex/platex/emath/emath.sty
Package: emath 2005/10/31 v1.54p 初等数学マクロパッケージ

(/Applications/KeTTeX.app/texlive/texmf-local/tex/platex/emath/emath2e.sty
(/Applications/KeTTeX.app/texlive/texmf-local/tex/platex/emath/emathE.sty
Package: emathE 2005/09/05 v0.79 拡張enumerate

(/Applications/KeTTeX.app/texlive/texmf-local/tex/platex/emath/emathEc.sty
Package: emathEc 2005/09/05 v0.00

(/Applications/KeTTeX.app/texlive/texmf-local/tex/platex/emath/emathC.sty
Package: emathC 2005/09/03 v0.25

(/Applications/KeTTeX.app/texlive/texmf-dist/tex/latex/tools/calc.sty
Package: calc 2017/05/25 v4.3 Infix arithmetic (KKT,FJ)
\calc@Acount=\count282
\calc@Bcount=\count283
\calc@Adimen=\dimen168
\calc@Bdimen=\dimen169
\calc@Askip=\skip56
\calc@Bskip=\skip57
LaTeX Info: Redefining \setlength on input line 80.
LaTeX Info: Redefining \addtolength on input line 81.
\calc@Ccount=\count284
\calc@Cskip=\skip58
)
(/Applications/KeTTeX.app/texlive/texmf-dist/tex/latex/base/ifthen.sty
Package: ifthen 2020/11/24 v1.1c Standard LaTeX ifthen package (DPC)
)
\c@tempcnta=\count285
\templa=\dimen170
\emath@toks@=\toks24
\Sett@width=\dimen171
\EMcalc@A=\dimen172
))
(/Applications/KeTTeX.app/texlive/texmf-local/tex/platex/emath/jquote.sty
Package: jquote 2005/10/31 v0.01
)
(/Applications/KeTTeX.app/texlive/texmf-local/tex/platex/emath/emathK.sty)
\kizami@ti=\count286
\syoki@ti=\count287
\c@Enumi=\count288
\c@Enumii=\count289
\c@Enumiii=\count290
\c@Enumiv=\count291
\emtokena=\toks25
))
\templb=\dimen173
\templc=\dimen174
\tempboxa=\box69
\tempboxb=\box70
\EMc@hizyosuu=\count292
\EMc@syou=\count293
\EMc@zyo@amari=\count294
\GCM=\count295
\zyo@@c=\count296
\hizyo@@c=\count297
\wari@@cnt=\count298
\wari@@cmax=\count299
\gyou@@c=\count300
\hidari@@p=\count301
\migi@@p=\count302
\renritu@hidariyohaku=\dimen175
\@ltxlinelen=\dimen176
\fileophndl=\read2
)
(/Applications/KeTTeX.app/texlive/texmf-dist/tex/latex/pict2e/pict2e.sty
Package: pict2e 2020/09/30 v0.4b Improved picture commands (HjG,RN,JT)

(/Applications/KeTTeX.app/texlive/texmf-dist/tex/latex/pict2e/pict2e.cfg
File: pict2e.cfg 2016/02/05 v0.1u pict2e configuration for teTeX/TeXLive
)
Package pict2e Info: Driver file: dvips.def on input line 112.
Package pict2e Info: Driver file for pict2e: p2e-dvips.def on input line 114.

(/Applications/KeTTeX.app/texlive/texmf-dist/tex/latex/pict2e/p2e-dvips.def
File: p2e-dvips.def 2016/02/05 v0.1u Driver-dependant file (RN,HjG,JT)
)
\pIIe@GRAPH=\toks26
\@arclen=\dimen177
\@arcrad=\dimen178
\pIIe@tempdima=\dimen179
\pIIe@tempdimb=\dimen180
\pIIe@tempdimc=\dimen181
\pIIe@tempdimd=\dimen182
\pIIe@tempdime=\dimen183
\pIIe@tempdimf=\dimen184
)
(/Applications/KeTTeX.app/texlive/texmf-dist/tex/latex/ketcindy/ketlayermorewit
h2e.sty)
(/Applications/KeTTeX.app/texlive/texmf-dist/tex/latex/hyperref/hyperref.sty
Package: hyperref 2022-02-21 v7.00n Hypertext links for LaTeX

(/Applications/KeTTeX.app/texlive/texmf-dist/tex/generic/ltxcmds/ltxcmds.sty
Package: ltxcmds 2020-05-10 v1.25 LaTeX kernel commands for general use (HO)
)
(/Applications/KeTTeX.app/texlive/texmf-dist/tex/generic/iftex/iftex.sty
Package: iftex 2022/02/03 v1.0f TeX engine tests
)
(/Applications/KeTTeX.app/texlive/texmf-dist/tex/generic/pdftexcmds/pdftexcmds.
sty
Package: pdftexcmds 2020-06-27 v0.33 Utility functions of pdfTeX for LuaTeX (HO
)

(/Applications/KeTTeX.app/texlive/texmf-dist/tex/generic/infwarerr/infwarerr.st
y
Package: infwarerr 2019/12/03 v1.5 Providing info/warning/error messages (HO)
)
Package pdftexcmds Info: \pdf@primitive is available.
Package pdftexcmds Info: \pdf@ifprimitive is available.
Package pdftexcmds Info: \pdfdraftmode not found.
)
(/Applications/KeTTeX.app/texlive/texmf-dist/tex/generic/kvsetkeys/kvsetkeys.st
y
Package: kvsetkeys 2019/12/15 v1.18 Key value parser (HO)
)
(/Applications/KeTTeX.app/texlive/texmf-dist/tex/generic/kvdefinekeys/kvdefinek
eys.sty
Package: kvdefinekeys 2019-12-19 v1.6 Define keys (HO)
)
(/Applications/KeTTeX.app/texlive/texmf-dist/tex/generic/pdfescape/pdfescape.st
y
Package: pdfescape 2019/12/09 v1.15 Implements pdfTeX's escape features (HO)
) (/Applications/KeTTeX.app/texlive/texmf-dist/tex/latex/hycolor/hycolor.sty
Package: hycolor 2020-01-27 v1.10 Color options for hyperref/bookmark (HO)
)
(/Applications/KeTTeX.app/texlive/texmf-dist/tex/latex/letltxmacro/letltxmacro.
sty
Package: letltxmacro 2019/12/03 v1.6 Let assignment for LaTeX macros (HO)
) (/Applications/KeTTeX.app/texlive/texmf-dist/tex/latex/auxhook/auxhook.sty
Package: auxhook 2019-12-17 v1.6 Hooks for auxiliary files (HO)
)
(/Applications/KeTTeX.app/texlive/texmf-dist/tex/latex/kvoptions/kvoptions.sty
Package: kvoptions 2020-10-07 v3.14 Key value format for package options (HO)
)
\@linkdim=\dimen185
\Hy@linkcounter=\count303
\Hy@pagecounter=\count304
(/Applications/KeTTeX.app/texlive/texmf-dist/tex/latex/hyperref/pd1enc.def
File: pd1enc.def 2022-02-21 v7.00n Hyperref: PDFDocEncoding definition (HO)
Now handling font encoding PD1 ...
... no UTF-8 mapping file for font encoding PD1
)
(/Applications/KeTTeX.app/texlive/texmf-dist/tex/generic/intcalc/intcalc.sty
Package: intcalc 2019/12/15 v1.3 Expandable calculations with integers (HO)
)
(/Applications/KeTTeX.app/texlive/texmf-dist/tex/generic/etexcmds/etexcmds.sty
Package: etexcmds 2019/12/15 v1.7 Avoid name clashes with e-TeX commands (HO)
)
\Hy@SavedSpaceFactor=\count305
(/Applications/KeTTeX.app/texlive/texmf-dist/tex/latex/hyperref/puenc.def
File: puenc.def 2022-02-21 v7.00n Hyperref: PDF Unicode definition (HO)
Now handling font encoding PU ...
... no UTF-8 mapping file for font encoding PU
)
Package hyperref Info: Option `colorlinks' set `true' on input line 4018.
Package hyperref Info: Hyper figures OFF on input line 4137.
Package hyperref Info: Link nesting OFF on input line 4142.
Package hyperref Info: Hyper index ON on input line 4145.
Package hyperref Info: Plain pages OFF on input line 4152.
Package hyperref Info: Backreferencing OFF on input line 4157.
Package hyperref Info: Implicit mode ON; LaTeX internals redefined.
Package hyperref Info: Bookmarks ON on input line 4390.
\c@Hy@tempcnt=\count306

(/Applications/KeTTeX.app/texlive/texmf-dist/tex/latex/url/url.sty
\Urlmuskip=\muskip17
Package: url 2013/09/16  ver 3.4  Verb mode for urls, etc.
)
LaTeX Info: Redefining \url on input line 4749.
\XeTeXLinkMargin=\dimen186

(/Applications/KeTTeX.app/texlive/texmf-dist/tex/generic/bitset/bitset.sty
Package: bitset 2019/12/09 v1.3 Handle bit-vector datatype (HO)

(/Applications/KeTTeX.app/texlive/texmf-dist/tex/generic/bigintcalc/bigintcalc.
sty
Package: bigintcalc 2019/12/15 v1.5 Expandable calculations on big integers (HO
)
))
\Fld@menulength=\count307
\Field@Width=\dimen187
\Fld@charsize=\dimen188
Package hyperref Info: Hyper figures OFF on input line 6027.
Package hyperref Info: Link nesting OFF on input line 6032.
Package hyperref Info: Hyper index ON on input line 6035.
Package hyperref Info: backreferencing OFF on input line 6042.
Package hyperref Info: Link coloring ON on input line 6045.
Package hyperref Info: Link coloring with OCG OFF on input line 6052.
Package hyperref Info: PDF/A mode OFF on input line 6057.
LaTeX Info: Redefining \ref on input line 6097.
LaTeX Info: Redefining \pageref on input line 6101.

(/Applications/KeTTeX.app/texlive/texmf-dist/tex/latex/base/atbegshi-ltx.sty
Package: atbegshi-ltx 2021/01/10 v1.0c Emulation of the original atbegshi
package with kernel methods
)
\Hy@abspage=\count308
\c@Item=\count309
\c@Hfootnote=\count310
)
Package hyperref Info: Driver: hdvipdfm.

(/Applications/KeTTeX.app/texlive/texmf-dist/tex/latex/hyperref/hdvipdfm.def
File: hdvipdfm.def 2022-02-21 v7.00n Hyperref driver for dvipdfm
\pdfm@box=\box71
\c@Hy@AnnotLevel=\count311
\HyField@AnnotCount=\count312
\Fld@listcount=\count313
\c@bookmark@seq@number=\count314

(/Applications/KeTTeX.app/texlive/texmf-dist/tex/latex/rerunfilecheck/rerunfile
check.sty
Package: rerunfilecheck 2019/12/05 v1.9 Rerun checks for auxiliary files (HO)

(/Applications/KeTTeX.app/texlive/texmf-dist/tex/latex/base/atveryend-ltx.sty
Package: atveryend-ltx 2020/08/19 v1.0a Emulation of the original atveryend pac
kage
with kernel methods
)
(/Applications/KeTTeX.app/texlive/texmf-dist/tex/generic/uniquecounter/uniqueco
unter.sty
Package: uniquecounter 2019/12/15 v1.4 Provide unlimited unique counter (HO)
)
Package uniquecounter Info: New unique counter `rerunfilecheck' on input line 2
86.
)
\Hy@SectionHShift=\skip59
)
(/Applications/KeTTeX.app/texlive/texmf-dist/tex/latex/l3backend/l3backend-dvip
s.def
File: l3backend-dvips.def 2022-02-07 L3 backend support: dvips
\l__pdf_internal_box=\box72
\g__pdf_backend_object_int=\count315
\l__pdf_backend_content_box=\box73
\l__pdf_backend_model_box=\box74
\g__pdf_backend_annotation_int=\count316
\g__pdf_backend_link_int=\count317
\g__pdf_backend_link_sf_int=\count318
)
No file presen22202.aux.
\openout1 = `presen22202.aux'.

LaTeX Font Info:    Checking defaults for OML/cmm/m/it on input line 56.
LaTeX Font Info:    ... okay on input line 56.
LaTeX Font Info:    Checking defaults for OMS/cmsy/m/n on input line 56.
LaTeX Font Info:    ... okay on input line 56.
LaTeX Font Info:    Checking defaults for OT1/cmr/m/n on input line 56.
LaTeX Font Info:    ... okay on input line 56.
LaTeX Font Info:    Checking defaults for T1/cmr/m/n on input line 56.
LaTeX Font Info:    ... okay on input line 56.
LaTeX Font Info:    Checking defaults for TS1/cmr/m/n on input line 56.
LaTeX Font Info:    ... okay on input line 56.
LaTeX Font Info:    Checking defaults for OMX/cmex/m/n on input line 56.
LaTeX Font Info:    ... okay on input line 56.
LaTeX Font Info:    Checking defaults for U/cmr/m/n on input line 56.
LaTeX Font Info:    ... okay on input line 56.
LaTeX Font Info:    Checking defaults for JY1/mc/m/n on input line 56.
LaTeX Font Info:    ... okay on input line 56.
LaTeX Font Info:    Checking defaults for JT1/mc/m/n on input line 56.
LaTeX Font Info:    ... okay on input line 56.
LaTeX Font Info:    Checking defaults for PD1/pdf/m/n on input line 56.
LaTeX Font Info:    ... okay on input line 56.
LaTeX Font Info:    Checking defaults for PU/pdf/m/n on input line 56.
LaTeX Font Info:    ... okay on input line 56.
Package hyperref Info: Link coloring ON on input line 56.
(/Applications/KeTTeX.app/texlive/texmf-dist/tex/latex/hyperref/nameref.sty
Package: nameref 2021-04-02 v2.47 Cross-referencing by name of section

(/Applications/KeTTeX.app/texlive/texmf-dist/tex/latex/refcount/refcount.sty
Package: refcount 2019/12/15 v3.6 Data extraction from label references (HO)
)
(/Applications/KeTTeX.app/texlive/texmf-dist/tex/generic/gettitlestring/gettitl
estring.sty
Package: gettitlestring 2019/12/15 v1.6 Cleanup title references (HO)
)
\c@section@level=\count319
)
LaTeX Info: Redefining \ref on input line 56.
LaTeX Info: Redefining \pageref on input line 56.
LaTeX Info: Redefining \nameref on input line 56.
 (./presen22202.out) (./presen22202.out)
\@outlinefile=\write3
\openout3 = `presen22202.out'.



Package hyperref Warning: Rerun to get /PageLabels entry.

(./fig/slide0.tex
LaTeX Font Info:    Font shape `JT1/mc/bx/n' in size <14.4> not available
(Font)              Font shape `JT1/gt/m/n' tried instead on input line 1.
LaTeX Font Info:    Font shape `JY1/mc/bx/n' in size <14.4> not available
(Font)              Font shape `JY1/gt/m/n' tried instead on input line 1.
LaTeX Font Info:    Font shape `JT1/mc/bx/n' in size <24.88> not available
(Font)              Font shape `JT1/gt/m/n' tried instead on input line 5.
LaTeX Font Info:    Font shape `JY1/mc/bx/n' in size <24.88> not available
(Font)              Font shape `JY1/gt/m/n' tried instead on input line 5.
) (./fig/slide0.tex) (./fig/slide0.tex) (./fig/slide0.tex)
\c@ban=\count320
\c@edawidth=\count321
\c@edactr=\count322

[0

]
LaTeX Font Info:    Font shape `JT1/mc/bx/n' in size <9> not available
(Font)              Font shape `JT1/gt/m/n' tried instead on input line 121.
LaTeX Font Info:    Font shape `JY1/mc/bx/n' in size <9> not available
(Font)              Font shape `JY1/gt/m/n' tried instead on input line 121.


LaTeX Warning: Reference `pageend' on page 1 undefined on input line 121.


LaTeX Warning: Reference `pageend' on page 1 undefined on input line 121.


LaTeX Warning: Reference `pageend' on page 1 undefined on input line 121.


LaTeX Warning: Reference `pageend' on page 1 undefined on input line 121.

[1]
LaTeX Font Info:    Font shape `JT1/mc/bx/n' in size <7> not available
(Font)              Font shape `JT1/gt/m/n' tried instead on input line 133.
LaTeX Font Info:    Font shape `JY1/mc/bx/n' in size <7> not available
(Font)              Font shape `JY1/gt/m/n' tried instead on input line 133.
LaTeX Font Info:    Trying to load font information for U+msa on input line 133
.
 (/Applications/KeTTeX.app/texlive/texmf-dist/tex/latex/amsfonts/umsa.fd
File: umsa.fd 2013/01/14 v3.01 AMS symbols A
)
LaTeX Font Info:    Trying to load font information for U+msb on input line 133
.

(/Applications/KeTTeX.app/texlive/texmf-dist/tex/latex/amsfonts/umsb.fd
File: umsb.fd 2013/01/14 v3.01 AMS symbols B
)

LaTeX Warning: Reference `pageend' on page 2 undefined on input line 143.


LaTeX Warning: Reference `pageend' on page 2 undefined on input line 143.


LaTeX Warning: Reference `pageend' on page 2 undefined on input line 143.


LaTeX Warning: Reference `pageend' on page 2 undefined on input line 143.

[2]

LaTeX Warning: Reference `pageend' on page 2 undefined on input line 170.


LaTeX Warning: Reference `pageend' on page 2 undefined on input line 170.


LaTeX Warning: Reference `pageend' on page 2 undefined on input line 170.


LaTeX Warning: Reference `pageend' on page 2 undefined on input line 170.

[2]

LaTeX Warning: Reference `pageend' on page 3 undefined on input line 199.


LaTeX Warning: Reference `pageend' on page 3 undefined on input line 199.


LaTeX Warning: Reference `pageend' on page 3 undefined on input line 199.


LaTeX Warning: Reference `pageend' on page 3 undefined on input line 199.

LaTeX Font Info:    Font shape `JT1/mc/bx/n' in size <12> not available
(Font)              Font shape `JT1/gt/m/n' tried instead on input line 199.
LaTeX Font Info:    Font shape `JY1/mc/bx/n' in size <12> not available
(Font)              Font shape `JY1/gt/m/n' tried instead on input line 199.
[3]

LaTeX Warning: Reference `pageend' on page 3 undefined on input line 231.


LaTeX Warning: Reference `pageend' on page 3 undefined on input line 231.


LaTeX Warning: Reference `pageend' on page 3 undefined on input line 231.


LaTeX Warning: Reference `pageend' on page 3 undefined on input line 231.

[3]

LaTeX Warning: Reference `pageend' on page 3 undefined on input line 260.


LaTeX Warning: Reference `pageend' on page 3 undefined on input line 260.


LaTeX Warning: Reference `pageend' on page 3 undefined on input line 260.


LaTeX Warning: Reference `pageend' on page 3 undefined on input line 260.

[3]

LaTeX Warning: Reference `pageend' on page 3 undefined on input line 291.


LaTeX Warning: Reference `pageend' on page 3 undefined on input line 291.


LaTeX Warning: Reference `pageend' on page 3 undefined on input line 291.


LaTeX Warning: Reference `pageend' on page 3 undefined on input line 291.

[3]

LaTeX Warning: Reference `pageend' on page 3 undefined on input line 323.


LaTeX Warning: Reference `pageend' on page 3 undefined on input line 323.


LaTeX Warning: Reference `pageend' on page 3 undefined on input line 323.


LaTeX Warning: Reference `pageend' on page 3 undefined on input line 323.

[3]

LaTeX Warning: Reference `pageend' on page 3 undefined on input line 358.


LaTeX Warning: Reference `pageend' on page 3 undefined on input line 358.


LaTeX Warning: Reference `pageend' on page 3 undefined on input line 358.


LaTeX Warning: Reference `pageend' on page 3 undefined on input line 358.

[3]

LaTeX Warning: Reference `pageend' on page 3 undefined on input line 394.


LaTeX Warning: Reference `pageend' on page 3 undefined on input line 394.


LaTeX Warning: Reference `pageend' on page 3 undefined on input line 394.


LaTeX Warning: Reference `pageend' on page 3 undefined on input line 394.

[3]

LaTeX Warning: Reference `pageend' on page 3 undefined on input line 433.


LaTeX Warning: Reference `pageend' on page 3 undefined on input line 433.


LaTeX Warning: Reference `pageend' on page 3 undefined on input line 433.


LaTeX Warning: Reference `pageend' on page 3 undefined on input line 433.

[3]

LaTeX Warning: Reference `pageend' on page 3 undefined on input line 473.


LaTeX Warning: Reference `pageend' on page 3 undefined on input line 473.


LaTeX Warning: Reference `pageend' on page 3 undefined on input line 473.


LaTeX Warning: Reference `pageend' on page 3 undefined on input line 473.

[3]

LaTeX Warning: Reference `pageend' on page 3 undefined on input line 515.


LaTeX Warning: Reference `pageend' on page 3 undefined on input line 515.


LaTeX Warning: Reference `pageend' on page 3 undefined on input line 515.


LaTeX Warning: Reference `pageend' on page 3 undefined on input line 515.

[3]

LaTeX Warning: Reference `pageend' on page 4 undefined on input line 557.


LaTeX Warning: Reference `pageend' on page 4 undefined on input line 557.


LaTeX Warning: Reference `pageend' on page 4 undefined on input line 557.


LaTeX Warning: Reference `pageend' on page 4 undefined on input line 557.

[4]

LaTeX Warning: Reference `pageend' on page 4 undefined on input line 583.


LaTeX Warning: Reference `pageend' on page 4 undefined on input line 583.


LaTeX Warning: Reference `pageend' on page 4 undefined on input line 583.


LaTeX Warning: Reference `pageend' on page 4 undefined on input line 583.

[4]

LaTeX Warning: Reference `pageend' on page 4 undefined on input line 607.


LaTeX Warning: Reference `pageend' on page 4 undefined on input line 607.


LaTeX Warning: Reference `pageend' on page 4 undefined on input line 607.


LaTeX Warning: Reference `pageend' on page 4 undefined on input line 607.

[4]

LaTeX Warning: Reference `pageend' on page 4 undefined on input line 633.


LaTeX Warning: Reference `pageend' on page 4 undefined on input line 633.


LaTeX Warning: Reference `pageend' on page 4 undefined on input line 633.


LaTeX Warning: Reference `pageend' on page 4 undefined on input line 633.

[4]

LaTeX Warning: Reference `pageend' on page 4 undefined on input line 661.


LaTeX Warning: Reference `pageend' on page 4 undefined on input line 661.


LaTeX Warning: Reference `pageend' on page 4 undefined on input line 661.


LaTeX Warning: Reference `pageend' on page 4 undefined on input line 661.

[4]

LaTeX Warning: Reference `pageend' on page 4 undefined on input line 691.


LaTeX Warning: Reference `pageend' on page 4 undefined on input line 691.


LaTeX Warning: Reference `pageend' on page 4 undefined on input line 691.


LaTeX Warning: Reference `pageend' on page 4 undefined on input line 691.

[4]

LaTeX Warning: Reference `pageend' on page 5 undefined on input line 708.


LaTeX Warning: Reference `pageend' on page 5 undefined on input line 708.


LaTeX Warning: Reference `pageend' on page 5 undefined on input line 708.


LaTeX Warning: Reference `pageend' on page 5 undefined on input line 708.

[5]

LaTeX Warning: Reference `pageend' on page 6 undefined on input line 718.


LaTeX Warning: Reference `pageend' on page 6 undefined on input line 718.


LaTeX Warning: Reference `pageend' on page 6 undefined on input line 718.


LaTeX Warning: Reference `pageend' on page 6 undefined on input line 718.

[6]

LaTeX Warning: Reference `pageend' on page 6 undefined on input line 732.


LaTeX Warning: Reference `pageend' on page 6 undefined on input line 732.


LaTeX Warning: Reference `pageend' on page 6 undefined on input line 732.


LaTeX Warning: Reference `pageend' on page 6 undefined on input line 732.

[6]

LaTeX Warning: Reference `pageend' on page 6 undefined on input line 744.


LaTeX Warning: Reference `pageend' on page 6 undefined on input line 744.


LaTeX Warning: Reference `pageend' on page 6 undefined on input line 744.


LaTeX Warning: Reference `pageend' on page 6 undefined on input line 744.


Overfull \hbox (0.60713pt too wide) in paragraph at lines 748--750
[]| $\OT1/cmr/bx/n/14.4 = [] []$ 
 []


Overfull \hbox (3.32701pt too wide) in paragraph at lines 748--750
[]| $\OT1/cmr/bx/n/14.4 = [] []$ 
 []

[6]

LaTeX Warning: Reference `pageend' on page 6 undefined on input line 757.


LaTeX Warning: Reference `pageend' on page 6 undefined on input line 757.


LaTeX Warning: Reference `pageend' on page 6 undefined on input line 757.


LaTeX Warning: Reference `pageend' on page 6 undefined on input line 757.


Overfull \hbox (0.60713pt too wide) in paragraph at lines 761--764
[]| $\OT1/cmr/bx/n/14.4 = [] []$ 
 []


Overfull \hbox (3.32701pt too wide) in paragraph at lines 761--764
[]| $\OT1/cmr/bx/n/14.4 = [] []$ 
 []

[6]

LaTeX Warning: Reference `pageend' on page 7 undefined on input line 771.


LaTeX Warning: Reference `pageend' on page 7 undefined on input line 771.


LaTeX Warning: Reference `pageend' on page 7 undefined on input line 771.


LaTeX Warning: Reference `pageend' on page 7 undefined on input line 771.

[7]

LaTeX Warning: Reference `pageend' on page 7 undefined on input line 785.


LaTeX Warning: Reference `pageend' on page 7 undefined on input line 785.


LaTeX Warning: Reference `pageend' on page 7 undefined on input line 785.


LaTeX Warning: Reference `pageend' on page 7 undefined on input line 785.

[7]

LaTeX Warning: Reference `pageend' on page 7 undefined on input line 796.


LaTeX Warning: Reference `pageend' on page 7 undefined on input line 796.


LaTeX Warning: Reference `pageend' on page 7 undefined on input line 796.


LaTeX Warning: Reference `pageend' on page 7 undefined on input line 796.

[7]

LaTeX Warning: Reference `pageend' on page 7 undefined on input line 808.


LaTeX Warning: Reference `pageend' on page 7 undefined on input line 808.


LaTeX Warning: Reference `pageend' on page 7 undefined on input line 808.


LaTeX Warning: Reference `pageend' on page 7 undefined on input line 808.

[7]

LaTeX Warning: Reference `pageend' on page 7 undefined on input line 821.


LaTeX Warning: Reference `pageend' on page 7 undefined on input line 821.


LaTeX Warning: Reference `pageend' on page 7 undefined on input line 821.


LaTeX Warning: Reference `pageend' on page 7 undefined on input line 821.

[7]

LaTeX Warning: Reference `pageend' on page 7 undefined on input line 836.


LaTeX Warning: Reference `pageend' on page 7 undefined on input line 836.


LaTeX Warning: Reference `pageend' on page 7 undefined on input line 836.


LaTeX Warning: Reference `pageend' on page 7 undefined on input line 836.

[7]

LaTeX Warning: Reference `pageend' on page 7 undefined on input line 852.


LaTeX Warning: Reference `pageend' on page 7 undefined on input line 852.


LaTeX Warning: Reference `pageend' on page 7 undefined on input line 852.


LaTeX Warning: Reference `pageend' on page 7 undefined on input line 852.

[7]

LaTeX Warning: Reference `pageend' on page 8 undefined on input line 870.


LaTeX Warning: Reference `pageend' on page 8 undefined on input line 870.


LaTeX Warning: Reference `pageend' on page 8 undefined on input line 870.


LaTeX Warning: Reference `pageend' on page 8 undefined on input line 870.

[8]

LaTeX Warning: Reference `pageend' on page 8 undefined on input line 884.


LaTeX Warning: Reference `pageend' on page 8 undefined on input line 884.


LaTeX Warning: Reference `pageend' on page 8 undefined on input line 884.


LaTeX Warning: Reference `pageend' on page 8 undefined on input line 884.

[8]

LaTeX Warning: Reference `pageend' on page 8 undefined on input line 897.


LaTeX Warning: Reference `pageend' on page 8 undefined on input line 897.


LaTeX Warning: Reference `pageend' on page 8 undefined on input line 897.


LaTeX Warning: Reference `pageend' on page 8 undefined on input line 897.

[8]

LaTeX Warning: Reference `pageend' on page 8 undefined on input line 911.


LaTeX Warning: Reference `pageend' on page 8 undefined on input line 911.


LaTeX Warning: Reference `pageend' on page 8 undefined on input line 911.


LaTeX Warning: Reference `pageend' on page 8 undefined on input line 911.

[8]

LaTeX Warning: Reference `pageend' on page 8 undefined on input line 926.


LaTeX Warning: Reference `pageend' on page 8 undefined on input line 926.


LaTeX Warning: Reference `pageend' on page 8 undefined on input line 926.


LaTeX Warning: Reference `pageend' on page 8 undefined on input line 926.

[8]

LaTeX Warning: Reference `pageend' on page 8 undefined on input line 942.


LaTeX Warning: Reference `pageend' on page 8 undefined on input line 942.


LaTeX Warning: Reference `pageend' on page 8 undefined on input line 942.


LaTeX Warning: Reference `pageend' on page 8 undefined on input line 942.

[8]

LaTeX Warning: Reference `pageend' on page 8 undefined on input line 960.


LaTeX Warning: Reference `pageend' on page 8 undefined on input line 960.


LaTeX Warning: Reference `pageend' on page 8 undefined on input line 960.


LaTeX Warning: Reference `pageend' on page 8 undefined on input line 960.

[8]

LaTeX Warning: Reference `pageend' on page 8 undefined on input line 979.


LaTeX Warning: Reference `pageend' on page 8 undefined on input line 979.


LaTeX Warning: Reference `pageend' on page 8 undefined on input line 979.


LaTeX Warning: Reference `pageend' on page 8 undefined on input line 979.

[8]

LaTeX Warning: Reference `pageend' on page 8 undefined on input line 999.


LaTeX Warning: Reference `pageend' on page 8 undefined on input line 999.


LaTeX Warning: Reference `pageend' on page 8 undefined on input line 999.


LaTeX Warning: Reference `pageend' on page 8 undefined on input line 999.

[8]

LaTeX Warning: Reference `pageend' on page 8 undefined on input line 1021.


LaTeX Warning: Reference `pageend' on page 8 undefined on input line 1021.


LaTeX Warning: Reference `pageend' on page 8 undefined on input line 1021.


LaTeX Warning: Reference `pageend' on page 8 undefined on input line 1021.

[8]

LaTeX Warning: Reference `pageend' on page 9 undefined on input line 1058.


LaTeX Warning: Reference `pageend' on page 9 undefined on input line 1058.


LaTeX Warning: Reference `pageend' on page 9 undefined on input line 1058.


LaTeX Warning: Reference `pageend' on page 9 undefined on input line 1058.

[9]

LaTeX Warning: Reference `pageend' on page 9 undefined on input line 1089.


LaTeX Warning: Reference `pageend' on page 9 undefined on input line 1089.


LaTeX Warning: Reference `pageend' on page 9 undefined on input line 1089.


LaTeX Warning: Reference `pageend' on page 9 undefined on input line 1089.

[9]

LaTeX Warning: Reference `pageend' on page 9 undefined on input line 1117.


LaTeX Warning: Reference `pageend' on page 9 undefined on input line 1117.


LaTeX Warning: Reference `pageend' on page 9 undefined on input line 1117.


LaTeX Warning: Reference `pageend' on page 9 undefined on input line 1117.

[9]

LaTeX Warning: Reference `pageend' on page 9 undefined on input line 1146.


LaTeX Warning: Reference `pageend' on page 9 undefined on input line 1146.


LaTeX Warning: Reference `pageend' on page 9 undefined on input line 1146.


LaTeX Warning: Reference `pageend' on page 9 undefined on input line 1146.

[9]

LaTeX Warning: Reference `pageend' on page 9 undefined on input line 1176.


LaTeX Warning: Reference `pageend' on page 9 undefined on input line 1176.


LaTeX Warning: Reference `pageend' on page 9 undefined on input line 1176.


LaTeX Warning: Reference `pageend' on page 9 undefined on input line 1176.

[9]

LaTeX Warning: Reference `pageend' on page 9 undefined on input line 1208.


LaTeX Warning: Reference `pageend' on page 9 undefined on input line 1208.


LaTeX Warning: Reference `pageend' on page 9 undefined on input line 1208.


LaTeX Warning: Reference `pageend' on page 9 undefined on input line 1208.

[9]

LaTeX Warning: Reference `pageend' on page 9 undefined on input line 1241.


LaTeX Warning: Reference `pageend' on page 9 undefined on input line 1241.


LaTeX Warning: Reference `pageend' on page 9 undefined on input line 1241.


LaTeX Warning: Reference `pageend' on page 9 undefined on input line 1241.

[9]

LaTeX Warning: Reference `pageend' on page 10 undefined on input line 1261.


LaTeX Warning: Reference `pageend' on page 10 undefined on input line 1261.


LaTeX Warning: Reference `pageend' on page 10 undefined on input line 1261.


LaTeX Warning: Reference `pageend' on page 10 undefined on input line 1261.

[10]

LaTeX Warning: Reference `pageend' on page 11 undefined on input line 1283.


LaTeX Warning: Reference `pageend' on page 11 undefined on input line 1283.


LaTeX Warning: Reference `pageend' on page 11 undefined on input line 1283.


LaTeX Warning: Reference `pageend' on page 11 undefined on input line 1283.

[11]

LaTeX Warning: Reference `pageend' on page 11 undefined on input line 1313.


LaTeX Warning: Reference `pageend' on page 11 undefined on input line 1313.


LaTeX Warning: Reference `pageend' on page 11 undefined on input line 1313.


LaTeX Warning: Reference `pageend' on page 11 undefined on input line 1313.

[11]

LaTeX Warning: Reference `pageend' on page 11 undefined on input line 1342.


LaTeX Warning: Reference `pageend' on page 11 undefined on input line 1342.


LaTeX Warning: Reference `pageend' on page 11 undefined on input line 1342.


LaTeX Warning: Reference `pageend' on page 11 undefined on input line 1342.

[11]

LaTeX Warning: Reference `pageend' on page 11 undefined on input line 1372.


LaTeX Warning: Reference `pageend' on page 11 undefined on input line 1372.


LaTeX Warning: Reference `pageend' on page 11 undefined on input line 1372.


LaTeX Warning: Reference `pageend' on page 11 undefined on input line 1372.

LaTeX Font Info:    Font shape `JT1/mc/bx/n' in size <10> not available
(Font)              Font shape `JT1/gt/m/n' tried instead on input line 1374.
LaTeX Font Info:    Font shape `JY1/mc/bx/n' in size <10> not available
(Font)              Font shape `JY1/gt/m/n' tried instead on input line 1374.
[11]

LaTeX Warning: Reference `pageend' on page 11 undefined on input line 1403.


LaTeX Warning: Reference `pageend' on page 11 undefined on input line 1403.


LaTeX Warning: Reference `pageend' on page 11 undefined on input line 1403.


LaTeX Warning: Reference `pageend' on page 11 undefined on input line 1403.


Overfull \hbox (0.4507pt too wide) in paragraph at lines 1412--1416
[]| $\OT1/cmr/bx/n/14.4 (\OML/cmm/b/it/14.4 x[]\OT1/cmr/bx/n/14.4 )[] = ([])[]$
 $= [] []$ $= [] []$ 
 []

[11]

LaTeX Warning: Reference `pageend' on page 11 undefined on input line 1435.


LaTeX Warning: Reference `pageend' on page 11 undefined on input line 1435.


LaTeX Warning: Reference `pageend' on page 11 undefined on input line 1435.


LaTeX Warning: Reference `pageend' on page 11 undefined on input line 1435.


Overfull \hbox (0.4507pt too wide) in paragraph at lines 1444--1449
[]| $\OT1/cmr/bx/n/14.4 (\OML/cmm/b/it/14.4 x[]\OT1/cmr/bx/n/14.4 )[] = ([])[]$
 $= [] []$ $= [] []$ 
 []

[11]

LaTeX Warning: Reference `pageend' on page 11 undefined on input line 1468.


LaTeX Warning: Reference `pageend' on page 11 undefined on input line 1468.


LaTeX Warning: Reference `pageend' on page 11 undefined on input line 1468.


LaTeX Warning: Reference `pageend' on page 11 undefined on input line 1468.


Overfull \hbox (0.4507pt too wide) in paragraph at lines 1477--1483
[]| $\OT1/cmr/bx/n/14.4 (\OML/cmm/b/it/14.4 x[]\OT1/cmr/bx/n/14.4 )[] = ([])[]$
 $= [] []$ $= [] []$ 
 []

[11]

LaTeX Warning: Reference `pageend' on page 11 undefined on input line 1502.


LaTeX Warning: Reference `pageend' on page 11 undefined on input line 1502.


LaTeX Warning: Reference `pageend' on page 11 undefined on input line 1502.


LaTeX Warning: Reference `pageend' on page 11 undefined on input line 1502.


Overfull \hbox (0.4507pt too wide) in paragraph at lines 1511--1518
[]| $\OT1/cmr/bx/n/14.4 (\OML/cmm/b/it/14.4 x[]\OT1/cmr/bx/n/14.4 )[] = ([])[]$
 $= [] []$ $= [] []$ 
 []

[11]

LaTeX Warning: Reference `pageend' on page 11 undefined on input line 1537.


LaTeX Warning: Reference `pageend' on page 11 undefined on input line 1537.


LaTeX Warning: Reference `pageend' on page 11 undefined on input line 1537.


LaTeX Warning: Reference `pageend' on page 11 undefined on input line 1537.


Overfull \hbox (0.4507pt too wide) in paragraph at lines 1546--1554
[]| $\OT1/cmr/bx/n/14.4 (\OML/cmm/b/it/14.4 x[]\OT1/cmr/bx/n/14.4 )[] = ([])[]$
 $= [] []$ $= [] []$ 
 []

[11]

LaTeX Warning: Reference `pageend' on page 11 undefined on input line 1573.


LaTeX Warning: Reference `pageend' on page 11 undefined on input line 1573.


LaTeX Warning: Reference `pageend' on page 11 undefined on input line 1573.


LaTeX Warning: Reference `pageend' on page 11 undefined on input line 1573.


Overfull \hbox (0.4507pt too wide) in paragraph at lines 1582--1591
[]| $\OT1/cmr/bx/n/14.4 (\OML/cmm/b/it/14.4 x[]\OT1/cmr/bx/n/14.4 )[] = ([])[]$
 $= [] []$ $= [] []$ 
 []

[11]

LaTeX Warning: Reference `pageend' on page 12 undefined on input line 1611.


LaTeX Warning: Reference `pageend' on page 12 undefined on input line 1611.


LaTeX Warning: Reference `pageend' on page 12 undefined on input line 1611.


LaTeX Warning: Reference `pageend' on page 12 undefined on input line 1611.

[12]

LaTeX Warning: Reference `pageend' on page 12 undefined on input line 1637.


LaTeX Warning: Reference `pageend' on page 12 undefined on input line 1637.


LaTeX Warning: Reference `pageend' on page 12 undefined on input line 1637.


LaTeX Warning: Reference `pageend' on page 12 undefined on input line 1637.

[12]

LaTeX Warning: Reference `pageend' on page 12 undefined on input line 1659.


LaTeX Warning: Reference `pageend' on page 12 undefined on input line 1659.


LaTeX Warning: Reference `pageend' on page 12 undefined on input line 1659.


LaTeX Warning: Reference `pageend' on page 12 undefined on input line 1659.

[12]

LaTeX Warning: Reference `pageend' on page 12 undefined on input line 1684.


LaTeX Warning: Reference `pageend' on page 12 undefined on input line 1684.


LaTeX Warning: Reference `pageend' on page 12 undefined on input line 1684.


LaTeX Warning: Reference `pageend' on page 12 undefined on input line 1684.

[12]

LaTeX Warning: Reference `pageend' on page 12 undefined on input line 1710.


LaTeX Warning: Reference `pageend' on page 12 undefined on input line 1710.


LaTeX Warning: Reference `pageend' on page 12 undefined on input line 1710.


LaTeX Warning: Reference `pageend' on page 12 undefined on input line 1710.

[12]

LaTeX Warning: Reference `pageend' on page 12 undefined on input line 1737.


LaTeX Warning: Reference `pageend' on page 12 undefined on input line 1737.


LaTeX Warning: Reference `pageend' on page 12 undefined on input line 1737.


LaTeX Warning: Reference `pageend' on page 12 undefined on input line 1737.

[12]

LaTeX Warning: Reference `pageend' on page 12 undefined on input line 1765.


LaTeX Warning: Reference `pageend' on page 12 undefined on input line 1765.


LaTeX Warning: Reference `pageend' on page 12 undefined on input line 1765.


LaTeX Warning: Reference `pageend' on page 12 undefined on input line 1765.

[12]

LaTeX Warning: Reference `pageend' on page 13 undefined on input line 1782.


LaTeX Warning: Reference `pageend' on page 13 undefined on input line 1782.


LaTeX Warning: Reference `pageend' on page 13 undefined on input line 1782.


LaTeX Warning: Reference `pageend' on page 13 undefined on input line 1782.

[13]

LaTeX Warning: Reference `pageend' on page 14 undefined on input line 1792.


LaTeX Warning: Reference `pageend' on page 14 undefined on input line 1792.


LaTeX Warning: Reference `pageend' on page 14 undefined on input line 1792.


LaTeX Warning: Reference `pageend' on page 14 undefined on input line 1792.

(./fig/sincosgraph.tex) (./fig/sincosgraph.tex) (./fig/sincosgraph.tex)
(./fig/sincosgraph.tex)
Overfull \hbox (0.2134pt too wide) in paragraph at lines 1800--1803
[]| $\OML/cmm/b/it/14.4 y \OT1/cmr/bx/n/14.4 = [] \OML/cmm/b/it/14.4 x; y \OT1/
cmr/bx/n/14.4 = [] \OML/cmm/b/it/14.4 x; y \OT1/cmr/bx/n/14.4 = \OMS/cmsy/b/n/1
4.4 ^^@ [] \OML/cmm/b/it/14.4 x; y \OT1/cmr/bx/n/14.4 = \OMS/cmsy/b/n/14.4 ^^@ 
[] \OML/cmm/b/it/14.4 x$ 
 []

[14]

LaTeX Warning: Reference `pageend' on page 15 undefined on input line 1826.


LaTeX Warning: Reference `pageend' on page 15 undefined on input line 1826.


LaTeX Warning: Reference `pageend' on page 15 undefined on input line 1826.


LaTeX Warning: Reference `pageend' on page 15 undefined on input line 1826.

[15]

LaTeX Warning: Reference `pageend' on page 15 undefined on input line 1853.


LaTeX Warning: Reference `pageend' on page 15 undefined on input line 1853.


LaTeX Warning: Reference `pageend' on page 15 undefined on input line 1853.


LaTeX Warning: Reference `pageend' on page 15 undefined on input line 1853.

[15]

LaTeX Warning: Reference `pageend' on page 15 undefined on input line 1879.


LaTeX Warning: Reference `pageend' on page 15 undefined on input line 1879.


LaTeX Warning: Reference `pageend' on page 15 undefined on input line 1879.


LaTeX Warning: Reference `pageend' on page 15 undefined on input line 1879.

[15]

LaTeX Warning: Reference `pageend' on page 16 undefined on input line 1910.


LaTeX Warning: Reference `pageend' on page 16 undefined on input line 1910.


LaTeX Warning: Reference `pageend' on page 16 undefined on input line 1910.


LaTeX Warning: Reference `pageend' on page 16 undefined on input line 1910.

[16]

LaTeX Warning: Reference `pageend' on page 16 undefined on input line 1944.


LaTeX Warning: Reference `pageend' on page 16 undefined on input line 1944.


LaTeX Warning: Reference `pageend' on page 16 undefined on input line 1944.


LaTeX Warning: Reference `pageend' on page 16 undefined on input line 1944.

[16]

LaTeX Warning: Reference `pageend' on page 16 undefined on input line 1976.


LaTeX Warning: Reference `pageend' on page 16 undefined on input line 1976.


LaTeX Warning: Reference `pageend' on page 16 undefined on input line 1976.


LaTeX Warning: Reference `pageend' on page 16 undefined on input line 1976.

[16]

LaTeX Warning: Reference `pageend' on page 16 undefined on input line 2009.


LaTeX Warning: Reference `pageend' on page 16 undefined on input line 2009.


LaTeX Warning: Reference `pageend' on page 16 undefined on input line 2009.


LaTeX Warning: Reference `pageend' on page 16 undefined on input line 2009.

[16]

LaTeX Warning: Reference `pageend' on page 16 undefined on input line 2043.


LaTeX Warning: Reference `pageend' on page 16 undefined on input line 2043.


LaTeX Warning: Reference `pageend' on page 16 undefined on input line 2043.


LaTeX Warning: Reference `pageend' on page 16 undefined on input line 2043.

[16]

LaTeX Warning: Reference `pageend' on page 17 undefined on input line 2066.


LaTeX Warning: Reference `pageend' on page 17 undefined on input line 2066.


LaTeX Warning: Reference `pageend' on page 17 undefined on input line 2066.


LaTeX Warning: Reference `pageend' on page 17 undefined on input line 2066.

[17]

LaTeX Warning: Reference `pageend' on page 18 undefined on input line 2084.


LaTeX Warning: Reference `pageend' on page 18 undefined on input line 2084.


LaTeX Warning: Reference `pageend' on page 18 undefined on input line 2084.


LaTeX Warning: Reference `pageend' on page 18 undefined on input line 2084.

[18]

LaTeX Warning: Reference `pageend' on page 18 undefined on input line 2105.


LaTeX Warning: Reference `pageend' on page 18 undefined on input line 2105.


LaTeX Warning: Reference `pageend' on page 18 undefined on input line 2105.


LaTeX Warning: Reference `pageend' on page 18 undefined on input line 2105.


Overfull \hbox (19.16296pt too wide) in paragraph at lines 2117--2118
[]$\OML/cmm/b/it/14.4 y[] \OT1/cmr/bx/n/14.4 = ([](\OML/cmm/b/it/14.4 ax \OT1/c
mr/bx/n/14.4 + \OML/cmm/b/it/14.4 b\OT1/cmr/bx/n/14.4 ))[] = [] []$ 
 []

[18]

LaTeX Warning: Reference `pageend' on page 18 undefined on input line 2126.


LaTeX Warning: Reference `pageend' on page 18 undefined on input line 2126.


LaTeX Warning: Reference `pageend' on page 18 undefined on input line 2126.


LaTeX Warning: Reference `pageend' on page 18 undefined on input line 2126.


Overfull \hbox (19.16296pt too wide) in paragraph at lines 2138--2141
[]$\OML/cmm/b/it/14.4 y[] \OT1/cmr/bx/n/14.4 = ([](\OML/cmm/b/it/14.4 ax \OT1/c
mr/bx/n/14.4 + \OML/cmm/b/it/14.4 b\OT1/cmr/bx/n/14.4 ))[] = [] []$ 
 []

[18]

LaTeX Warning: Reference `pageend' on page 18 undefined on input line 2149.


LaTeX Warning: Reference `pageend' on page 18 undefined on input line 2149.


LaTeX Warning: Reference `pageend' on page 18 undefined on input line 2149.


LaTeX Warning: Reference `pageend' on page 18 undefined on input line 2149.


Overfull \hbox (19.16296pt too wide) in paragraph at lines 2161--2165
[]$\OML/cmm/b/it/14.4 y[] \OT1/cmr/bx/n/14.4 = ([](\OML/cmm/b/it/14.4 ax \OT1/c
mr/bx/n/14.4 + \OML/cmm/b/it/14.4 b\OT1/cmr/bx/n/14.4 ))[] = [] []$ 
 []


Overfull \hbox (15.1368pt too wide) in paragraph at lines 2165--2166
[]| $\OML/cmm/b/it/14.4 y[] \OT1/cmr/bx/n/14.4 = [] [] = \OML/cmm/b/it/14.4 a [
] []$ 
 []

[18]

LaTeX Warning: Reference `pageend' on page 18 undefined on input line 2174.


LaTeX Warning: Reference `pageend' on page 18 undefined on input line 2174.


LaTeX Warning: Reference `pageend' on page 18 undefined on input line 2174.


LaTeX Warning: Reference `pageend' on page 18 undefined on input line 2174.


Overfull \hbox (19.16296pt too wide) in paragraph at lines 2187--2191
[]$\OML/cmm/b/it/14.4 y[] \OT1/cmr/bx/n/14.4 = ([](\OML/cmm/b/it/14.4 ax \OT1/c
mr/bx/n/14.4 + \OML/cmm/b/it/14.4 b\OT1/cmr/bx/n/14.4 ))[] = [] []$ 
 []


Overfull \hbox (15.1368pt too wide) in paragraph at lines 2191--2192
[]| $\OML/cmm/b/it/14.4 y[] \OT1/cmr/bx/n/14.4 = [] [] = \OML/cmm/b/it/14.4 a [
] []$ 
 []

[18]

LaTeX Warning: Reference `pageend' on page 18 undefined on input line 2200.


LaTeX Warning: Reference `pageend' on page 18 undefined on input line 2200.


LaTeX Warning: Reference `pageend' on page 18 undefined on input line 2200.


LaTeX Warning: Reference `pageend' on page 18 undefined on input line 2200.


Overfull \hbox (19.16296pt too wide) in paragraph at lines 2213--2217
[]$\OML/cmm/b/it/14.4 y[] \OT1/cmr/bx/n/14.4 = ([](\OML/cmm/b/it/14.4 ax \OT1/c
mr/bx/n/14.4 + \OML/cmm/b/it/14.4 b\OT1/cmr/bx/n/14.4 ))[] = [] []$ 
 []


Overfull \hbox (15.1368pt too wide) in paragraph at lines 2217--2218
[]| $\OML/cmm/b/it/14.4 y[] \OT1/cmr/bx/n/14.4 = [] [] = \OML/cmm/b/it/14.4 a [
] []$ 
 []

[18]

LaTeX Warning: Reference `pageend' on page 18 undefined on input line 2227.


LaTeX Warning: Reference `pageend' on page 18 undefined on input line 2227.


LaTeX Warning: Reference `pageend' on page 18 undefined on input line 2227.


LaTeX Warning: Reference `pageend' on page 18 undefined on input line 2227.


Overfull \hbox (19.16296pt too wide) in paragraph at lines 2240--2244
[]$\OML/cmm/b/it/14.4 y[] \OT1/cmr/bx/n/14.4 = ([](\OML/cmm/b/it/14.4 ax \OT1/c
mr/bx/n/14.4 + \OML/cmm/b/it/14.4 b\OT1/cmr/bx/n/14.4 ))[] = [] []$ 
 []


Overfull \hbox (15.1368pt too wide) in paragraph at lines 2244--2245
[]| $\OML/cmm/b/it/14.4 y[] \OT1/cmr/bx/n/14.4 = [] [] = \OML/cmm/b/it/14.4 a [
] []$ 
 []

[18]

LaTeX Warning: Reference `pageend' on page 18 undefined on input line 2256.


LaTeX Warning: Reference `pageend' on page 18 undefined on input line 2256.


LaTeX Warning: Reference `pageend' on page 18 undefined on input line 2256.


LaTeX Warning: Reference `pageend' on page 18 undefined on input line 2256.


Overfull \hbox (19.16296pt too wide) in paragraph at lines 2274--2278
[]$\OML/cmm/b/it/14.4 y[] \OT1/cmr/bx/n/14.4 = ([](\OML/cmm/b/it/14.4 ax \OT1/c
mr/bx/n/14.4 + \OML/cmm/b/it/14.4 b\OT1/cmr/bx/n/14.4 ))[] = [] []$ 
 []


Overfull \hbox (15.1368pt too wide) in paragraph at lines 2278--2279
[]| $\OML/cmm/b/it/14.4 y[] \OT1/cmr/bx/n/14.4 = [] [] = \OML/cmm/b/it/14.4 a [
] []$ 
 []

[18]

LaTeX Warning: Reference `pageend' on page 19 undefined on input line 2290.


LaTeX Warning: Reference `pageend' on page 19 undefined on input line 2290.


LaTeX Warning: Reference `pageend' on page 19 undefined on input line 2290.


LaTeX Warning: Reference `pageend' on page 19 undefined on input line 2290.

[19]

LaTeX Warning: Reference `pageend' on page 19 undefined on input line 2306.


LaTeX Warning: Reference `pageend' on page 19 undefined on input line 2306.


LaTeX Warning: Reference `pageend' on page 19 undefined on input line 2306.


LaTeX Warning: Reference `pageend' on page 19 undefined on input line 2306.

[19]

LaTeX Warning: Reference `pageend' on page 19 undefined on input line 2327.


LaTeX Warning: Reference `pageend' on page 19 undefined on input line 2327.


LaTeX Warning: Reference `pageend' on page 19 undefined on input line 2327.


LaTeX Warning: Reference `pageend' on page 19 undefined on input line 2327.

[19]

LaTeX Warning: Reference `pageend' on page 19 undefined on input line 2350.


LaTeX Warning: Reference `pageend' on page 19 undefined on input line 2350.


LaTeX Warning: Reference `pageend' on page 19 undefined on input line 2350.


LaTeX Warning: Reference `pageend' on page 19 undefined on input line 2350.

[19]

LaTeX Warning: Reference `pageend' on page 19 undefined on input line 2374.


LaTeX Warning: Reference `pageend' on page 19 undefined on input line 2374.


LaTeX Warning: Reference `pageend' on page 19 undefined on input line 2374.


LaTeX Warning: Reference `pageend' on page 19 undefined on input line 2374.

[19]

LaTeX Warning: Reference `pageend' on page 19 undefined on input line 2399.


LaTeX Warning: Reference `pageend' on page 19 undefined on input line 2399.


LaTeX Warning: Reference `pageend' on page 19 undefined on input line 2399.


LaTeX Warning: Reference `pageend' on page 19 undefined on input line 2399.

[19]

LaTeX Warning: Reference `pageend' on page 19 undefined on input line 2426.


LaTeX Warning: Reference `pageend' on page 19 undefined on input line 2426.


LaTeX Warning: Reference `pageend' on page 19 undefined on input line 2426.


LaTeX Warning: Reference `pageend' on page 19 undefined on input line 2426.

[19]

LaTeX Warning: Reference `pageend' on page 19 undefined on input line 2454.


LaTeX Warning: Reference `pageend' on page 19 undefined on input line 2454.


LaTeX Warning: Reference `pageend' on page 19 undefined on input line 2454.


LaTeX Warning: Reference `pageend' on page 19 undefined on input line 2454.

[19]

LaTeX Warning: Reference `pageend' on page 19 undefined on input line 2483.


LaTeX Warning: Reference `pageend' on page 19 undefined on input line 2483.


LaTeX Warning: Reference `pageend' on page 19 undefined on input line 2483.


LaTeX Warning: Reference `pageend' on page 19 undefined on input line 2483.

[19] (./presen22202.aux)

LaTeX Warning: There were undefined references.


LaTeX Warning: Label(s) may have changed. Rerun to get cross-references right.

Package rerunfilecheck Info: File `presen22202.out' has not changed.
(rerunfilecheck)             Checksum: D41D8CD98F00B204E9800998ECF8427E;0.
 ) 
Here is how much of TeX's memory you used:
 11331 strings out of 480230
 169960 string characters out of 5892785
 588169 words of memory out of 5000000
 29443 multiletter control sequences out of 15000+600000
 488232 words of font info for 103 fonts, out of 8000000 for 9000
 14 hyphenation exceptions out of 8191
 91i,12n,93p,332b,399s stack positions out of 5000i,500n,10000p,200000b,80000s

Output written on presen22202.dvi (95 pages, 1404108 bytes).
